<?xml version="1.0" encoding="UTF-8"?>
<!-- Generated by org.testng.reporters.JUnitReportReporter -->
<testsuite hostname="DESKTOP-L0NOLEM" failures="0" tests="1" name="cucumberOptions.TestNGRunner" time="29.027" errors="0" timestamp="2023-07-29T03:25:41 IST" skipped="0">
  <testcase classname="cucumberOptions.TestNGRunner" name="runScenario" time="29.027"/>
</testsuite> <!-- cucumberOptions.TestNGRunner -->
