<?xml version="1.0" encoding="UTF-8"?>
<!-- Generated by org.testng.reporters.JUnitReportReporter -->
<testsuite hostname="DESKTOP-L0NOLEM" failures="0" tests="1" name="cucumberOptions.TestNGRunner" time="25.718" errors="0" timestamp="2023-07-29T01:27:43 IST" skipped="0">
  <testcase classname="cucumberOptions.TestNGRunner" name="runScenario" time="25.718"/>
</testsuite> <!-- cucumberOptions.TestNGRunner -->
